{"numFailedTestSuites":0,"numFailedTests":0,"numPassedTestSuites":5,"numPassedTests":104,"numPendingTestSuites":0,"numPendingTests":14,"numRuntimeErrorTestSuites":0,"numTodoTests":0,"numTotalTestSuites":5,"numTotalTests":118,"openHandles":[],"snapshot":{"added":0,"didUpdate":false,"failure":false,"filesAdded":0,"filesRemoved":0,"filesRemovedList":[],"filesUnmatched":0,"filesUpdated":0,"matched":0,"total":0,"unchecked":0,"uncheckedKeysByFile":[],"unmatched":0,"updated":0},"startTime":1781888601986,"success":true,"testResults":[{"assertionResults":[{"ancestorTitles":["CryptoService","arrayBufferToBase64 and base64ToArrayBuffer"],"duration":5,"failureDetails":[],"failureMessages":[],"fullName":"CryptoService arrayBufferToBase64 and base64ToArrayBuffer should convert between ArrayBuffer and Base64 correctly","invocations":1,"location":null,"numPassingAsserts":1,"retryReasons":[],"status":"passed","title":"should convert between ArrayBuffer and Base64 correctly"},{"ancestorTitles":["CryptoService","arrayBufferToBase64 and base64ToArrayBuffer"],"duration":6,"failureDetails":[],"failureMessages":[],"fullName":"CryptoService arrayBufferToBase64 and base64ToArrayBuffer should handle empty buffer","invocations":1,"location":null,"numPassingAsserts":1,"retryReasons":[],"status":"passed","title":"should handle empty buffer"},{"ancestorTitles":["CryptoService","arrayBufferToBase64 and base64ToArrayBuffer"],"duration":8,"failureDetails":[],"failureMessages":[],"fullName":"CryptoService arrayBufferToBase64 and base64ToArrayBuffer should handle binary data with special characters","invocations":1,"location":null,"numPassingAsserts":1,"retryReasons":[],"status":"passed","title":"should handle binary data with special characters"},{"ancestorTitles":["CryptoService","generateSalt"],"duration":7,"failureDetails":[],"failureMessages":[],"fullName":"CryptoService generateSalt should generate salt with correct length","invocations":1,"location":null,"numPassingAsserts":2,"retryReasons":[],"status":"passed","title":"should generate salt with correct length"},{"ancestorTitles":["CryptoService","generateSalt"],"duration":3,"failureDetails":[],"failureMessages":[],"fullName":"CryptoService generateSalt should generate different salts each time","invocations":1,"location":null,"numPassingAsserts":1,"retryReasons":[],"status":"passed","title":"should generate different salts each time"},{"ancestorTitles":["CryptoService","utility functions"],"duration":2,"failureDetails":[],"failureMessages":[],"fullName":"CryptoService utility functions isMasterKeyAvailable should return false initially","invocations":1,"location":null,"numPassingAsserts":1,"retryReasons":[],"status":"passed","title":"isMasterKeyAvailable should return false initially"},{"ancestorTitles":["CryptoService","utility functions"],"duration":5,"failureDetails":[],"failureMessages":[],"fullName":"CryptoService utility functions getMasterKey should return null initially","invocations":1,"location":null,"numPassingAsserts":1,"retryReasons":[],"status":"passed","title":"getMasterKey should return null initially"},{"ancestorTitles":["CryptoService","utility functions"],"duration":3,"failureDetails":[],"failureMessages":[],"fullName":"CryptoService utility functions setMasterKey and isMasterKeyAvailable should work together","invocations":1,"location":null,"numPassingAsserts":2,"retryReasons":[],"status":"passed","title":"setMasterKey and isMasterKeyAvailable should work together"},{"ancestorTitles":["CryptoService","utility functions"],"duration":10,"failureDetails":[],"failureMessages":[],"fullName":"CryptoService utility functions encryptWithMasterKey should throw error when master key not available","invocations":1,"location":null,"numPassingAsserts":2,"retryReasons":[],"status":"passed","title":"encryptWithMasterKey should throw error when master key not available"},{"ancestorTitles":["CryptoService","session management"],"duration":3,"failureDetails":[],"failureMessages":[],"fullName":"CryptoService session management hasSession should return false initially","invocations":1,"location":null,"numPassingAsserts":1,"retryReasons":[],"status":"passed","title":"hasSession should return false initially"},{"ancestorTitles":["CryptoService","session management"],"duration":3,"failureDetails":[],"failureMessages":[],"fullName":"CryptoService session management clearSession should work correctly","invocations":1,"location":null,"numPassingAsserts":2,"retryReasons":[],"status":"passed","title":"clearSession should work correctly"},{"ancestorTitles":["CryptoService","hash (requires Web Crypto API)"],"duration":null,"failureDetails":[],"failureMessages":[],"fullName":"CryptoService hash (requires Web Crypto API) should generate consistent hash for same input","invocations":1,"location":null,"numPassingAsserts":0,"retryReasons":[],"status":"pending","title":"should generate consistent hash for same input"},{"ancestorTitles":["CryptoService","hash (requires Web Crypto API)"],"duration":null,"failureDetails":[],"failureMessages":[],"fullName":"CryptoService hash (requires Web Crypto API) should generate different hash for different input","invocations":1,"location":null,"numPassingAsserts":0,"retryReasons":[],"status":"pending","title":"should generate different hash for different input"},{"ancestorTitles":["CryptoService","hash (requires Web Crypto API)"],"duration":null,"failureDetails":[],"failureMessages":[],"fullName":"CryptoService hash (requires Web Crypto API) should return base64 encoded string","invocations":1,"location":null,"numPassingAsserts":0,"retryReasons":[],"status":"pending","title":"should return base64 encoded string"},{"ancestorTitles":["CryptoService","generateKey (requires Web Crypto API)"],"duration":null,"failureDetails":[],"failureMessages":[],"fullName":"CryptoService generateKey (requires Web Crypto API) should generate a valid CryptoKey","invocations":1,"location":null,"numPassingAsserts":0,"retryReasons":[],"status":"pending","title":"should generate a valid CryptoKey"},{"ancestorTitles":["CryptoService","encrypt and decrypt (requires Web Crypto API)"],"duration":null,"failureDetails":[],"failureMessages":[],"fullName":"CryptoService encrypt and decrypt (requires Web Crypto API) should encrypt and decrypt string correctly","invocations":1,"location":null,"numPassingAsserts":0,"retryReasons":[],"status":"pending","title":"should encrypt and decrypt string correctly"},{"ancestorTitles":["CryptoService","encrypt and decrypt (requires Web Crypto API)"],"duration":null,"failureDetails":[],"failureMessages":[],"fullName":"CryptoService encrypt and decrypt (requires Web Crypto API) should encrypt and decrypt JSON object correctly","invocations":1,"location":null,"numPassingAsserts":0,"retryReasons":[],"status":"pending","title":"should encrypt and decrypt JSON object correctly"},{"ancestorTitles":["CryptoService","encrypt and decrypt (requires Web Crypto API)"],"duration":null,"failureDetails":[],"failureMessages":[],"fullName":"CryptoService encrypt and decrypt (requires Web Crypto API) should produce different ciphertext each time (due to IV)","invocations":1,"location":null,"numPassingAsserts":0,"retryReasons":[],"status":"pending","title":"should produce different ciphertext each time (due to IV)"},{"ancestorTitles":["CryptoService","encrypt and decrypt (requires Web Crypto API)"],"duration":null,"failureDetails":[],"failureMessages":[],"fullName":"CryptoService encrypt and decrypt (requires Web Crypto API) should produce base64 encoded output","invocations":1,"location":null,"numPassingAsserts":0,"retryReasons":[],"status":"pending","title":"should produce base64 encoded output"},{"ancestorTitles":["CryptoService","exportKey and importKey (requires Web Crypto API)"],"duration":null,"failureDetails":[],"failureMessages":[],"fullName":"CryptoService exportKey and importKey (requires Web Crypto API) should export and import key correctly","invocations":1,"location":null,"numPassingAsserts":0,"retryReasons":[],"status":"pending","title":"should export and import key correctly"},{"ancestorTitles":["CryptoService","createUserKeyStore and unlockUserKeyStore (requires Web Crypto API)"],"duration":null,"failureDetails":[],"failureMessages":[],"fullName":"CryptoService createUserKeyStore and unlockUserKeyStore (requires Web Crypto API) should create and unlock key store correctly","invocations":1,"location":null,"numPassingAsserts":0,"retryReasons":[],"status":"pending","title":"should create and unlock key store correctly"},{"ancestorTitles":["CryptoService","createUserKeyStore and unlockUserKeyStore (requires Web Crypto API)"],"duration":null,"failureDetails":[],"failureMessages":[],"fullName":"CryptoService createUserKeyStore and unlockUserKeyStore (requires Web Crypto API) should fail to unlock with wrong password","invocations":1,"location":null,"numPassingAsserts":0,"retryReasons":[],"status":"pending","title":"should fail to unlock with wrong password"},{"ancestorTitles":["CryptoService","encryptWithMasterKey and decryptWithMasterKey (requires Web Crypto API)"],"duration":null,"failureDetails":[],"failureMessages":[],"fullName":"CryptoService encryptWithMasterKey and decryptWithMasterKey (requires Web Crypto API) should encrypt and decrypt with master key","invocations":1,"location":null,"numPassingAsserts":0,"retryReasons":[],"status":"pending","title":"should encrypt and decrypt with master key"},{"ancestorTitles":["CryptoService","session management (requires Web Crypto API)"],"duration":null,"failureDetails":[],"failureMessages":[],"fullName":"CryptoService session management (requires Web Crypto API) should save and restore session","invocations":1,"location":null,"numPassingAsserts":0,"retryReasons":[],"status":"pending","title":"should save and restore session"},{"ancestorTitles":["CryptoService","session management (requires Web Crypto API)"],"duration":null,"failureDetails":[],"failureMessages":[],"fullName":"CryptoService session management (requires Web Crypto API) should restore session correctly after page reload simulation","invocations":1,"location":null,"numPassingAsserts":0,"retryReasons":[],"status":"pending","title":"should restore session correctly after page reload simulation"}],"endTime":1781888602765,"message":"","name":"/Volumes/ExMac/traeProject/0617GSB/xyj-14/xyj-14-618_Jupiter/tests/unit/crypto.service.test.js","startTime":1781888602279,"status":"focused","summary":""},{"assertionResults":[{"ancestorTitles":["DateUtils","format"],"duration":2,"failureDetails":[],"failureMessages":[],"fullName":"DateUtils format should format date with default format","invocations":1,"location":null,"numPassingAsserts":1,"retryReasons":[],"status":"passed","title":"should format date with default format"},{"ancestorTitles":["DateUtils","format"],"duration":0,"failureDetails":[],"failureMessages":[],"fullName":"DateUtils format should format date with custom format","invocations":1,"location":null,"numPassingAsserts":1,"retryReasons":[],"status":"passed","title":"should format date with custom format"},{"ancestorTitles":["DateUtils","format"],"duration":1,"failureDetails":[],"failureMessages":[],"fullName":"DateUtils format should handle single digit values with padding","invocations":1,"location":null,"numPassingAsserts":1,"retryReasons":[],"status":"passed","title":"should handle single digit values with padding"},{"ancestorTitles":["DateUtils","format"],"duration":1,"failureDetails":[],"failureMessages":[],"fullName":"DateUtils format should accept ISO string input","invocations":1,"location":null,"numPassingAsserts":1,"retryReasons":[],"status":"passed","title":"should accept ISO string input"},{"ancestorTitles":["DateUtils","getDateDisplay"],"duration":1,"failureDetails":[],"failureMessages":[],"fullName":"DateUtils getDateDisplay should return \"今天\" for today's date","invocations":1,"location":null,"numPassingAsserts":1,"retryReasons":[],"status":"passed","title":"should return \"今天\" for today's date"},{"ancestorTitles":["DateUtils","getDateDisplay"],"duration":1,"failureDetails":[],"failureMessages":[],"fullName":"DateUtils getDateDisplay should return \"昨天\" for yesterday's date","invocations":1,"location":null,"numPassingAsserts":1,"retryReasons":[],"status":"passed","title":"should return \"昨天\" for yesterday's date"},{"ancestorTitles":["DateUtils","getDateDisplay"],"duration":1,"failureDetails":[],"failureMessages":[],"fullName":"DateUtils getDateDisplay should return day of week for dates within 7 days","invocations":1,"location":null,"numPassingAsserts":1,"retryReasons":[],"status":"passed","title":"should return day of week for dates within 7 days"},{"ancestorTitles":["DateUtils","isToday"],"duration":0,"failureDetails":[],"failureMessages":[],"fullName":"DateUtils isToday should return true for today","invocations":1,"location":null,"numPassingAsserts":1,"retryReasons":[],"status":"passed","title":"should return true for today"},{"ancestorTitles":["DateUtils","isToday"],"duration":1,"failureDetails":[],"failureMessages":[],"fullName":"DateUtils isToday should return false for yesterday","invocations":1,"location":null,"numPassingAsserts":1,"retryReasons":[],"status":"passed","title":"should return false for yesterday"},{"ancestorTitles":["DateUtils","isThisMonth"],"duration":0,"failureDetails":[],"failureMessages":[],"fullName":"DateUtils isThisMonth should return true for current month","invocations":1,"location":null,"numPassingAsserts":1,"retryReasons":[],"status":"passed","title":"should return true for current month"},{"ancestorTitles":["DateUtils","isThisYear"],"duration":1,"failureDetails":[],"failureMessages":[],"fullName":"DateUtils isThisYear should return true for current year","invocations":1,"location":null,"numPassingAsserts":1,"retryReasons":[],"status":"passed","title":"should return true for current year"},{"ancestorTitles":["DateUtils","getDayOfWeek"],"duration":0,"failureDetails":[],"failureMessages":[],"fullName":"DateUtils getDayOfWeek should return correct day name","invocations":1,"location":null,"numPassingAsserts":1,"retryReasons":[],"status":"passed","title":"should return correct day name"},{"ancestorTitles":["DateUtils","getDaysInMonth"],"duration":1,"failureDetails":[],"failureMessages":[],"fullName":"DateUtils getDaysInMonth should return 31 for January","invocations":1,"location":null,"numPassingAsserts":1,"retryReasons":[],"status":"passed","title":"should return 31 for January"},{"ancestorTitles":["DateUtils","getDaysInMonth"],"duration":0,"failureDetails":[],"failureMessages":[],"fullName":"DateUtils getDaysInMonth should return 29 for February 2024 (leap year)","invocations":1,"location":null,"numPassingAsserts":1,"retryReasons":[],"status":"passed","title":"should return 29 for February 2024 (leap year)"},{"ancestorTitles":["DateUtils","getDaysInMonth"],"duration":1,"failureDetails":[],"failureMessages":[],"fullName":"DateUtils getDaysInMonth should return 28 for February 2023","invocations":1,"location":null,"numPassingAsserts":1,"retryReasons":[],"status":"passed","title":"should return 28 for February 2023"},{"ancestorTitles":["DateUtils","getDaysInMonth"],"duration":0,"failureDetails":[],"failureMessages":[],"fullName":"DateUtils getDaysInMonth should return 30 for April","invocations":1,"location":null,"numPassingAsserts":1,"retryReasons":[],"status":"passed","title":"should return 30 for April"},{"ancestorTitles":["DateUtils","addDays"],"duration":0,"failureDetails":[],"failureMessages":[],"fullName":"DateUtils addDays should add days correctly","invocations":1,"location":null,"numPassingAsserts":1,"retryReasons":[],"status":"passed","title":"should add days correctly"},{"ancestorTitles":["DateUtils","addDays"],"duration":1,"failureDetails":[],"failureMessages":[],"fullName":"DateUtils addDays should subtract days correctly","invocations":1,"location":null,"numPassingAsserts":1,"retryReasons":[],"status":"passed","title":"should subtract days correctly"},{"ancestorTitles":["DateUtils","addDays"],"duration":1,"failureDetails":[],"failureMessages":[],"fullName":"DateUtils addDays should handle month boundary","invocations":1,"location":null,"numPassingAsserts":2,"retryReasons":[],"status":"passed","title":"should handle month boundary"},{"ancestorTitles":["DateUtils","addHours"],"duration":0,"failureDetails":[],"failureMessages":[],"fullName":"DateUtils addHours should add hours correctly","invocations":1,"location":null,"numPassingAsserts":1,"retryReasons":[],"status":"passed","title":"should add hours correctly"},{"ancestorTitles":["DateUtils","addMinutes"],"duration":1,"failureDetails":[],"failureMessages":[],"fullName":"DateUtils addMinutes should add minutes correctly","invocations":1,"location":null,"numPassingAsserts":1,"retryReasons":[],"status":"passed","title":"should add minutes correctly"},{"ancestorTitles":["DateUtils","diffDays"],"duration":0,"failureDetails":[],"failureMessages":[],"fullName":"DateUtils diffDays should calculate days difference correctly","invocations":1,"location":null,"numPassingAsserts":1,"retryReasons":[],"status":"passed","title":"should calculate days difference correctly"},{"ancestorTitles":["DateUtils","diffHours"],"duration":1,"failureDetails":[],"failureMessages":[],"fullName":"DateUtils diffHours should calculate hours difference correctly","invocations":1,"location":null,"numPassingAsserts":1,"retryReasons":[],"status":"passed","title":"should calculate hours difference correctly"}],"endTime":1781888602816,"message":"","name":"/Volumes/ExMac/traeProject/0617GSB/xyj-14/xyj-14-618_Jupiter/tests/unit/date.utils.test.js","startTime":1781888602782,"status":"passed","summary":""},{"assertionResults":[{"ancestorTitles":["DiaryService","getDiaries and setDiaries"],"duration":2,"failureDetails":[],"failureMessages":[],"fullName":"DiaryService getDiaries and setDiaries should return empty array initially","invocations":1,"location":null,"numPassingAsserts":1,"retryReasons":[],"status":"passed","title":"should return empty array initially"},{"ancestorTitles":["DiaryService","getDiaries and setDiaries"],"duration":1,"failureDetails":[],"failureMessages":[],"fullName":"DiaryService getDiaries and setDiaries should set and get diaries correctly","invocations":1,"location":null,"numPassingAsserts":1,"retryReasons":[],"status":"passed","title":"should set and get diaries correctly"},{"ancestorTitles":["DiaryService","getDiaries and setDiaries"],"duration":0,"failureDetails":[],"failureMessages":[],"fullName":"DiaryService getDiaries and setDiaries should return a copy of the array","invocations":1,"location":null,"numPassingAsserts":1,"retryReasons":[],"status":"passed","title":"should return a copy of the array"},{"ancestorTitles":["DiaryService","createDiary"],"duration":1,"failureDetails":[],"failureMessages":[],"fullName":"DiaryService createDiary should create a new diary with default values","invocations":1,"location":null,"numPassingAsserts":8,"retryReasons":[],"status":"passed","title":"should create a new diary with default values"},{"ancestorTitles":["DiaryService","createDiary"],"duration":2,"failureDetails":[],"failureMessages":[],"fullName":"DiaryService createDiary should create a diary with provided options","invocations":1,"location":null,"numPassingAsserts":3,"retryReasons":[],"status":"passed","title":"should create a diary with provided options"},{"ancestorTitles":["DiaryService","createDiary"],"duration":1,"failureDetails":[],"failureMessages":[],"fullName":"DiaryService createDiary should add new diary to the beginning of the list","invocations":1,"location":null,"numPassingAsserts":2,"retryReasons":[],"status":"passed","title":"should add new diary to the beginning of the list"},{"ancestorTitles":["DiaryService","getDiaryById"],"duration":1,"failureDetails":[],"failureMessages":[],"fullName":"DiaryService getDiaryById should return diary by id","invocations":1,"location":null,"numPassingAsserts":1,"retryReasons":[],"status":"passed","title":"should return diary by id"},{"ancestorTitles":["DiaryService","getDiaryById"],"duration":1,"failureDetails":[],"failureMessages":[],"fullName":"DiaryService getDiaryById should return null for non-existent id","invocations":1,"location":null,"numPassingAsserts":1,"retryReasons":[],"status":"passed","title":"should return null for non-existent id"},{"ancestorTitles":["DiaryService","updateDiary"],"duration":2,"failureDetails":[],"failureMessages":[],"fullName":"DiaryService updateDiary should update existing diary","invocations":1,"location":null,"numPassingAsserts":4,"retryReasons":[],"status":"passed","title":"should update existing diary"},{"ancestorTitles":["DiaryService","updateDiary"],"duration":1,"failureDetails":[],"failureMessages":[],"fullName":"DiaryService updateDiary should return null for non-existent diary","invocations":1,"location":null,"numPassingAsserts":1,"retryReasons":[],"status":"passed","title":"should return null for non-existent diary"},{"ancestorTitles":["DiaryService","updateDiary"],"duration":1,"failureDetails":[],"failureMessages":[],"fullName":"DiaryService updateDiary should update currentDiary if it matches","invocations":1,"location":null,"numPassingAsserts":1,"retryReasons":[],"status":"passed","title":"should update currentDiary if it matches"},{"ancestorTitles":["DiaryService","deleteDiary"],"duration":0,"failureDetails":[],"failureMessages":[],"fullName":"DiaryService deleteDiary should delete existing diary","invocations":1,"location":null,"numPassingAsserts":3,"retryReasons":[],"status":"passed","title":"should delete existing diary"},{"ancestorTitles":["DiaryService","deleteDiary"],"duration":1,"failureDetails":[],"failureMessages":[],"fullName":"DiaryService deleteDiary should return false for non-existent diary","invocations":1,"location":null,"numPassingAsserts":1,"retryReasons":[],"status":"passed","title":"should return false for non-existent diary"},{"ancestorTitles":["DiaryService","deleteDiary"],"duration":0,"failureDetails":[],"failureMessages":[],"fullName":"DiaryService deleteDiary should clear currentDiary if deleted","invocations":1,"location":null,"numPassingAsserts":2,"retryReasons":[],"status":"passed","title":"should clear currentDiary if deleted"},{"ancestorTitles":["DiaryService","searchDiaries"],"duration":1,"failureDetails":[],"failureMessages":[],"fullName":"DiaryService searchDiaries should return all diaries for empty query","invocations":1,"location":null,"numPassingAsserts":2,"retryReasons":[],"status":"passed","title":"should return all diaries for empty query"},{"ancestorTitles":["DiaryService","searchDiaries"],"duration":1,"failureDetails":[],"failureMessages":[],"fullName":"DiaryService searchDiaries should search by title","invocations":1,"location":null,"numPassingAsserts":2,"retryReasons":[],"status":"passed","title":"should search by title"},{"ancestorTitles":["DiaryService","searchDiaries"],"duration":0,"failureDetails":[],"failureMessages":[],"fullName":"DiaryService searchDiaries should search by content","invocations":1,"location":null,"numPassingAsserts":2,"retryReasons":[],"status":"passed","title":"should search by content"},{"ancestorTitles":["DiaryService","searchDiaries"],"duration":1,"failureDetails":[],"failureMessages":[],"fullName":"DiaryService searchDiaries should be case insensitive","invocations":1,"location":null,"numPassingAsserts":1,"retryReasons":[],"status":"passed","title":"should be case insensitive"},{"ancestorTitles":["DiaryService","sortDiaries"],"duration":1,"failureDetails":[],"failureMessages":[],"fullName":"DiaryService sortDiaries should sort diaries by date descending by default","invocations":1,"location":null,"numPassingAsserts":2,"retryReasons":[],"status":"passed","title":"should sort diaries by date descending by default"},{"ancestorTitles":["DiaryService","sortDiaries"],"duration":7,"failureDetails":[],"failureMessages":[],"fullName":"DiaryService sortDiaries should sort by title","invocations":1,"location":null,"numPassingAsserts":2,"retryReasons":[],"status":"passed","title":"should sort by title"},{"ancestorTitles":["DiaryService","sortDiaries"],"duration":0,"failureDetails":[],"failureMessages":[],"fullName":"DiaryService sortDiaries should sort by word count","invocations":1,"location":null,"numPassingAsserts":2,"retryReasons":[],"status":"passed","title":"should sort by word count"},{"ancestorTitles":["DiaryService","getRecentDiaries"],"duration":1,"failureDetails":[],"failureMessages":[],"fullName":"DiaryService getRecentDiaries should return recent diaries limited by count","invocations":1,"location":null,"numPassingAsserts":1,"retryReasons":[],"status":"passed","title":"should return recent diaries limited by count"},{"ancestorTitles":["DiaryService","getDrafts"],"duration":1,"failureDetails":[],"failureMessages":[],"fullName":"DiaryService getDrafts should return only draft diaries","invocations":1,"location":null,"numPassingAsserts":1,"retryReasons":[],"status":"passed","title":"should return only draft diaries"},{"ancestorTitles":["DiaryService","clearCache"],"duration":0,"failureDetails":[],"failureMessages":[],"fullName":"DiaryService clearCache should clear all diaries and current diary","invocations":1,"location":null,"numPassingAsserts":2,"retryReasons":[],"status":"passed","title":"should clear all diaries and current diary"}],"endTime":1781888602868,"message":"","name":"/Volumes/ExMac/traeProject/0617GSB/xyj-14/xyj-14-618_Jupiter/tests/unit/diary.service.test.js","startTime":1781888602824,"status":"passed","summary":""},{"assertionResults":[{"ancestorTitles":["SentimentService","preprocessText"],"duration":1,"failureDetails":[],"failureMessages":[],"fullName":"SentimentService preprocessText should return empty string for empty input","invocations":1,"location":null,"numPassingAsserts":3,"retryReasons":[],"status":"passed","title":"should return empty string for empty input"},{"ancestorTitles":["SentimentService","preprocessText"],"duration":1,"failureDetails":[],"failureMessages":[],"fullName":"SentimentService preprocessText should convert to lowercase","invocations":1,"location":null,"numPassingAsserts":1,"retryReasons":[],"status":"passed","title":"should convert to lowercase"},{"ancestorTitles":["SentimentService","preprocessText"],"duration":0,"failureDetails":[],"failureMessages":[],"fullName":"SentimentService preprocessText should remove special characters","invocations":1,"location":null,"numPassingAsserts":2,"retryReasons":[],"status":"passed","title":"should remove special characters"},{"ancestorTitles":["SentimentService","preprocessText"],"duration":1,"failureDetails":[],"failureMessages":[],"fullName":"SentimentService preprocessText should normalize whitespace","invocations":1,"location":null,"numPassingAsserts":1,"retryReasons":[],"status":"passed","title":"should normalize whitespace"},{"ancestorTitles":["SentimentService","tokenizeChinese"],"duration":0,"failureDetails":[],"failureMessages":[],"fullName":"SentimentService tokenizeChinese should tokenize text correctly","invocations":1,"location":null,"numPassingAsserts":1,"retryReasons":[],"status":"passed","title":"should tokenize text correctly"},{"ancestorTitles":["SentimentService","tokenizeChinese"],"duration":1,"failureDetails":[],"failureMessages":[],"fullName":"SentimentService tokenizeChinese should find multi-character words","invocations":1,"location":null,"numPassingAsserts":1,"retryReasons":[],"status":"passed","title":"should find multi-character words"},{"ancestorTitles":["SentimentService","analyze"],"duration":11,"failureDetails":[],"failureMessages":[],"fullName":"SentimentService analyze should return neutral result for empty text","invocations":1,"location":null,"numPassingAsserts":3,"retryReasons":[],"status":"passed","title":"should return neutral result for empty text"},{"ancestorTitles":["SentimentService","analyze"],"duration":1,"failureDetails":[],"failureMessages":[],"fullName":"SentimentService analyze should detect positive sentiment","invocations":1,"location":null,"numPassingAsserts":3,"retryReasons":[],"status":"passed","title":"should detect positive sentiment"},{"ancestorTitles":["SentimentService","analyze"],"duration":1,"failureDetails":[],"failureMessages":[],"fullName":"SentimentService analyze should detect negative sentiment","invocations":1,"location":null,"numPassingAsserts":2,"retryReasons":[],"status":"passed","title":"should detect negative sentiment"},{"ancestorTitles":["SentimentService","analyze"],"duration":1,"failureDetails":[],"failureMessages":[],"fullName":"SentimentService analyze should return scores that sum to approximately 1","invocations":1,"location":null,"numPassingAsserts":1,"retryReasons":[],"status":"passed","title":"should return scores that sum to approximately 1"},{"ancestorTitles":["SentimentService","analyze"],"duration":1,"failureDetails":[],"failureMessages":[],"fullName":"SentimentService analyze should return all required fields","invocations":1,"location":null,"numPassingAsserts":7,"retryReasons":[],"status":"passed","title":"should return all required fields"},{"ancestorTitles":["SentimentService","getEmotionEmoji"],"duration":2,"failureDetails":[],"failureMessages":[],"fullName":"SentimentService getEmotionEmoji should return default emoji for null input","invocations":1,"location":null,"numPassingAsserts":1,"retryReasons":[],"status":"passed","title":"should return default emoji for null input"},{"ancestorTitles":["SentimentService","getEmotionEmoji"],"duration":1,"failureDetails":[],"failureMessages":[],"fullName":"SentimentService getEmotionEmoji should return positive emoji for positive sentiment","invocations":1,"location":null,"numPassingAsserts":1,"retryReasons":[],"status":"passed","title":"should return positive emoji for positive sentiment"},{"ancestorTitles":["SentimentService","getEmotionEmoji"],"duration":1,"failureDetails":[],"failureMessages":[],"fullName":"SentimentService getEmotionEmoji should return neutral emoji for neutral sentiment","invocations":1,"location":null,"numPassingAsserts":1,"retryReasons":[],"status":"passed","title":"should return neutral emoji for neutral sentiment"},{"ancestorTitles":["SentimentService","getEmotionEmoji"],"duration":0,"failureDetails":[],"failureMessages":[],"fullName":"SentimentService getEmotionEmoji should return negative emoji for negative sentiment","invocations":1,"location":null,"numPassingAsserts":1,"retryReasons":[],"status":"passed","title":"should return negative emoji for negative sentiment"},{"ancestorTitles":["SentimentService","getEmotionLabel"],"duration":1,"failureDetails":[],"failureMessages":[],"fullName":"SentimentService getEmotionLabel should return correct Chinese labels","invocations":1,"location":null,"numPassingAsserts":4,"retryReasons":[],"status":"passed","title":"should return correct Chinese labels"},{"ancestorTitles":["SentimentService","getEmotionColor"],"duration":1,"failureDetails":[],"failureMessages":[],"fullName":"SentimentService getEmotionColor should return correct colors","invocations":1,"location":null,"numPassingAsserts":4,"retryReasons":[],"status":"passed","title":"should return correct colors"},{"ancestorTitles":["SentimentService","formatAnalysisDisplay"],"duration":0,"failureDetails":[],"failureMessages":[],"fullName":"SentimentService formatAnalysisDisplay should return pending state for null input","invocations":1,"location":null,"numPassingAsserts":3,"retryReasons":[],"status":"passed","title":"should return pending state for null input"},{"ancestorTitles":["SentimentService","formatAnalysisDisplay"],"duration":1,"failureDetails":[],"failureMessages":[],"fullName":"SentimentService formatAnalysisDisplay should format display correctly","invocations":1,"location":null,"numPassingAsserts":5,"retryReasons":[],"status":"passed","title":"should format display correctly"}],"endTime":1781888602918,"message":"","name":"/Volumes/ExMac/traeProject/0617GSB/xyj-14/xyj-14-618_Jupiter/tests/unit/sentiment.service.test.js","startTime":1781888602874,"status":"passed","summary":""},{"assertionResults":[{"ancestorTitles":["StatsService","countWords"],"duration":1,"failureDetails":[],"failureMessages":[],"fullName":"StatsService countWords should return 0 for empty text","invocations":1,"location":null,"numPassingAsserts":3,"retryReasons":[],"status":"passed","title":"should return 0 for empty text"},{"ancestorTitles":["StatsService","countWords"],"duration":2,"failureDetails":[],"failureMessages":[],"fullName":"StatsService countWords should count Chinese characters correctly","invocations":1,"location":null,"numPassingAsserts":1,"retryReasons":[],"status":"passed","title":"should count Chinese characters correctly"},{"ancestorTitles":["StatsService","countWords"],"duration":1,"failureDetails":[],"failureMessages":[],"fullName":"StatsService countWords should count English words correctly","invocations":1,"location":null,"numPassingAsserts":1,"retryReasons":[],"status":"passed","title":"should count English words correctly"},{"ancestorTitles":["StatsService","countWords"],"duration":1,"failureDetails":[],"failureMessages":[],"fullName":"StatsService countWords should count numbers correctly","invocations":1,"location":null,"numPassingAsserts":1,"retryReasons":[],"status":"passed","title":"should count numbers correctly"},{"ancestorTitles":["StatsService","countWords"],"duration":1,"failureDetails":[],"failureMessages":[],"fullName":"StatsService countWords should count mixed content correctly","invocations":1,"location":null,"numPassingAsserts":1,"retryReasons":[],"status":"passed","title":"should count mixed content correctly"},{"ancestorTitles":["StatsService","formatDate"],"duration":1,"failureDetails":[],"failureMessages":[],"fullName":"StatsService formatDate should format date correctly","invocations":1,"location":null,"numPassingAsserts":1,"retryReasons":[],"status":"passed","title":"should format date correctly"},{"ancestorTitles":["StatsService","isSameDay"],"duration":0,"failureDetails":[],"failureMessages":[],"fullName":"StatsService isSameDay should return true for same day","invocations":1,"location":null,"numPassingAsserts":1,"retryReasons":[],"status":"passed","title":"should return true for same day"},{"ancestorTitles":["StatsService","isSameDay"],"duration":0,"failureDetails":[],"failureMessages":[],"fullName":"StatsService isSameDay should return false for different days","invocations":1,"location":null,"numPassingAsserts":1,"retryReasons":[],"status":"passed","title":"should return false for different days"},{"ancestorTitles":["StatsService","isSameWeek"],"duration":0,"failureDetails":[],"failureMessages":[],"fullName":"StatsService isSameWeek should return true for dates in same week (Monday start)","invocations":1,"location":null,"numPassingAsserts":1,"retryReasons":[],"status":"passed","title":"should return true for dates in same week (Monday start)"},{"ancestorTitles":["StatsService","isSameWeek"],"duration":0,"failureDetails":[],"failureMessages":[],"fullName":"StatsService isSameWeek should return false for dates in different weeks","invocations":1,"location":null,"numPassingAsserts":1,"retryReasons":[],"status":"passed","title":"should return false for dates in different weeks"},{"ancestorTitles":["StatsService","isSameMonth"],"duration":0,"failureDetails":[],"failureMessages":[],"fullName":"StatsService isSameMonth should return true for same month","invocations":1,"location":null,"numPassingAsserts":1,"retryReasons":[],"status":"passed","title":"should return true for same month"},{"ancestorTitles":["StatsService","isSameMonth"],"duration":1,"failureDetails":[],"failureMessages":[],"fullName":"StatsService isSameMonth should return false for different months","invocations":1,"location":null,"numPassingAsserts":1,"retryReasons":[],"status":"passed","title":"should return false for different months"},{"ancestorTitles":["StatsService","getDateRange"],"duration":0,"failureDetails":[],"failureMessages":[],"fullName":"StatsService getDateRange should return day range","invocations":1,"location":null,"numPassingAsserts":3,"retryReasons":[],"status":"passed","title":"should return day range"},{"ancestorTitles":["StatsService","getDateRange"],"duration":1,"failureDetails":[],"failureMessages":[],"fullName":"StatsService getDateRange should return week range","invocations":1,"location":null,"numPassingAsserts":1,"retryReasons":[],"status":"passed","title":"should return week range"},{"ancestorTitles":["StatsService","getDateRange"],"duration":2,"failureDetails":[],"failureMessages":[],"fullName":"StatsService getDateRange should return month range","invocations":1,"location":null,"numPassingAsserts":1,"retryReasons":[],"status":"passed","title":"should return month range"},{"ancestorTitles":["StatsService","getDateRange"],"duration":0,"failureDetails":[],"failureMessages":[],"fullName":"StatsService getDateRange should return year range","invocations":1,"location":null,"numPassingAsserts":1,"retryReasons":[],"status":"passed","title":"should return year range"},{"ancestorTitles":["StatsService","getDateRange"],"duration":1,"failureDetails":[],"failureMessages":[],"fullName":"StatsService getDateRange should return null for invalid period","invocations":1,"location":null,"numPassingAsserts":1,"retryReasons":[],"status":"passed","title":"should return null for invalid period"},{"ancestorTitles":["StatsService","calculateStats"],"duration":0,"failureDetails":[],"failureMessages":[],"fullName":"StatsService calculateStats should return empty stats for empty diaries","invocations":1,"location":null,"numPassingAsserts":3,"retryReasons":[],"status":"passed","title":"should return empty stats for empty diaries"},{"ancestorTitles":["StatsService","calculateStats"],"duration":1,"failureDetails":[],"failureMessages":[],"fullName":"StatsService calculateStats should calculate stats correctly","invocations":1,"location":null,"numPassingAsserts":3,"retryReasons":[],"status":"passed","title":"should calculate stats correctly"},{"ancestorTitles":["StatsService","calculateStreak"],"duration":2,"failureDetails":[],"failureMessages":[],"fullName":"StatsService calculateStreak should return 0 for empty diaries","invocations":1,"location":null,"numPassingAsserts":1,"retryReasons":[],"status":"passed","title":"should return 0 for empty diaries"},{"ancestorTitles":["StatsService","calculateStreak"],"duration":1,"failureDetails":[],"failureMessages":[],"fullName":"StatsService calculateStreak should calculate streak for consecutive days","invocations":1,"location":null,"numPassingAsserts":1,"retryReasons":[],"status":"passed","title":"should calculate streak for consecutive days"},{"ancestorTitles":["StatsService","getEmotionChartData"],"duration":1,"failureDetails":[],"failureMessages":[],"fullName":"StatsService getEmotionChartData should return default data when no emotions","invocations":1,"location":null,"numPassingAsserts":2,"retryReasons":[],"status":"passed","title":"should return default data when no emotions"},{"ancestorTitles":["StatsService","getEmotionChartData"],"duration":0,"failureDetails":[],"failureMessages":[],"fullName":"StatsService getEmotionChartData should calculate percentages correctly","invocations":1,"location":null,"numPassingAsserts":3,"retryReasons":[],"status":"passed","title":"should calculate percentages correctly"},{"ancestorTitles":["StatsService","generateChartHTML"],"duration":1,"failureDetails":[],"failureMessages":[],"fullName":"StatsService generateChartHTML should return no data message for empty data","invocations":1,"location":null,"numPassingAsserts":2,"retryReasons":[],"status":"passed","title":"should return no data message for empty data"},{"ancestorTitles":["StatsService","generateChartHTML"],"duration":1,"failureDetails":[],"failureMessages":[],"fullName":"StatsService generateChartHTML should generate chart HTML for valid data","invocations":1,"location":null,"numPassingAsserts":3,"retryReasons":[],"status":"passed","title":"should generate chart HTML for valid data"},{"ancestorTitles":["StatsService","generatePieChartHTML"],"duration":0,"failureDetails":[],"failureMessages":[],"fullName":"StatsService generatePieChartHTML should return no data message for empty data","invocations":1,"location":null,"numPassingAsserts":1,"retryReasons":[],"status":"passed","title":"should return no data message for empty data"},{"ancestorTitles":["StatsService","generatePieChartHTML"],"duration":1,"failureDetails":[],"failureMessages":[],"fullName":"StatsService generatePieChartHTML should generate pie chart HTML for valid data","invocations":1,"location":null,"numPassingAsserts":2,"retryReasons":[],"status":"passed","title":"should generate pie chart HTML for valid data"}],"endTime":1781888602958,"message":"","name":"/Volumes/ExMac/traeProject/0617GSB/xyj-14/xyj-14-618_Jupiter/tests/unit/stats.service.test.js","startTime":1781888602924,"status":"passed","summary":""}],"wasInterrupted":false,"coverageMap":{}}
